#
# A fatal error has been detected by the Java Runtime Environment:
#
#  EXCEPTION_ACCESS_VIOLATION (0xc0000005) at pc=0x00007fffcfecfaa5, pid=8068, tid=3496
#
# JRE version: Java(TM) SE Runtime Environment (15.0.2+7) (build 15.0.2+7-27)
# Java VM: Java HotSpot(TM) 64-Bit Server VM (15.0.2+7-27, mixed mode, sharing, tiered, compressed oops, g1 gc, windows-amd64)
# Problematic frame:
# V  [jvm.dll+0x2ffaa5]
#
# No core dump will be written. Minidumps are not enabled by default on client versions of Windows
#
# If you would like to submit a bug report, please visit:
#   https://bugreport.java.com/bugreport/crash.jsp
#

---------------  S U M M A R Y ------------

Command Line: -XX:+ShowCodeDetailsInExceptionMessages -agentlib:jdwp=transport=dt_socket,suspend=y,address=localhost:50127 -javaagent:C:\Users\Msys\eclipse\java-2020-122\eclipse\configuration\org.eclipse.osgi\220\0\.cp\lib\javaagent-shaded.jar -Dfile.encoding=Cp1252 project2.mainFrame

Host: Intel(R) Core(TM) i5-1035G1 CPU @ 1.00GHz, 8 cores, 15G,  Windows 10 , 64 bit Build 19041 (10.0.19041.928)
Time: Sun May 16 18:46:33 2021 Jerusalem Daylight Time elapsed time: 325.889624 seconds (0d 0h 5m 25s)

---------------  T H R E A D  ---------------

Current thread (0x0000022c2acbb330):  JavaThread "JDWP Transport Listener: dt_socket" daemon [_thread_in_vm, id=3496, stack(0x0000006c7e700000,0x0000006c7e800000)] _threads_hazard_ptr=0x0000022c2b90cc30

Stack: [0x0000006c7e700000,0x0000006c7e800000],  sp=0x0000006c7e7fea00,  free space=1018k
Native frames: (J=compiled Java code, j=interpreted, Vv=VM code, C=native code)
V  [jvm.dll+0x2ffaa5]
V  [jvm.dll+0x30200d]
V  [jvm.dll+0x3027f4]
V  [jvm.dll+0x2ffd7f]
V  [jvm.dll+0x2ff02a]
V  [jvm.dll+0x619ec0]
V  [jvm.dll+0x619ba3]
V  [jvm.dll+0x5df278]
V  [jvm.dll+0x77876f]
V  [jvm.dll+0x4f02e1]
V  [jvm.dll+0x7882b5]
V  [jvm.dll+0x4d40ea]
V  [jvm.dll+0x49526b]
C  [jdwp.dll+0x796b]


siginfo: EXCEPTION_ACCESS_VIOLATION (0xc0000005), reading address 0x0000000000000006


Register to memory mapping:

RIP=0x00007fffcfecfaa5 jvm.dll
RAX=0x0 is NULL
RBX=0x0000006c7e7feca0 is pointing into the stack for thread: 0x0000022c2acbb330
RCX=0x0 is NULL
RDX=0x0 is NULL
RSP=0x0000006c7e7fea00 is pointing into the stack for thread: 0x0000022c2acbb330
RBP=0x0 is NULL
RSI=0x0000000000000001 is an unknown value
RDI=0x0000022c2db50040 is pointing into metadata
R8 =0x0 is NULL
R9 =0x0000022c2db50040 is pointing into metadata
R10=0x0000022c2aa9fdf8 points into unknown readable memory: 0x4700000147000000 | 00 00 00 47 01 00 00 47
R11=0x0000022c2aa9f5a0 points into unknown readable memory: 0x4700000147000000 | 00 00 00 47 01 00 00 47
R12=0x00007fffcfbd0000 jvm.dll
R13=0x0000022c2aa9f520 points into unknown readable memory: 0x000001aa2aa9f500 | 00 f5 a9 2a aa 01 00 00
R14=0x0 is NULL
R15=0x00000000000001ad is an unknown value


Registers:
RAX=0x0000000000000000, RBX=0x0000006c7e7feca0, RCX=0x0000000000000000, RDX=0x0000000000000000
RSP=0x0000006c7e7fea00, RBP=0x0000000000000000, RSI=0x0000000000000001, RDI=0x0000022c2db50040
R8 =0x0000000000000000, R9 =0x0000022c2db50040, R10=0x0000022c2aa9fdf8, R11=0x0000022c2aa9f5a0
R12=0x00007fffcfbd0000, R13=0x0000022c2aa9f520, R14=0x0000000000000000, R15=0x00000000000001ad
RIP=0x00007fffcfecfaa5, EFLAGS=0x0000000000010206

Top of Stack: (sp=0x0000006c7e7fea00)
0x0000006c7e7fea00:   0000006c7e7fea70 00007fffcfcd9d9e
0x0000006c7e7fea10:   0000006c7e7fea70 00007fffcfcd9d9e
0x0000006c7e7fea20:   000000004fffffff 00000000000004b0
0x0000006c7e7fea30:   0000006c7e7feca0 00007fffcfed0793
0x0000006c7e7fea40:   0000e6a1a070358e 0000006c7e7feca0
0x0000006c7e7fea50:   0000000000000000 00000000000004b0
0x0000006c7e7fea60:   0000006c7e7feca0 00007fffcfed200d
0x0000006c7e7fea70:   0000022c2db09cdc 0000006c7e7feb10
0x0000006c7e7fea80:   0000006c7e7feb40 00007fffcfcd9d9e
0x0000006c7e7fea90:   0000006c000001aa 000000000000001e
0x0000006c7e7feaa0:   0000000000000000 0000006c7e7feb10
0x0000006c7e7feab0:   000000000000001e 00007fffcfbdc1a6
0x0000006c7e7feac0:   0000022c2db09e10 0000006c7e7feca0
0x0000006c7e7fead0:   00000000000001ad 000000000000001e
0x0000006c7e7feae0:   0000006c7e7feca0 00007fffcfed27f4
0x0000006c7e7feaf0:   0000006c7e7feb40 00000000000004b0 

Instructions: (pc=0x00007fffcfecfaa5)
0x00007fffcfecf9a5:   42 8b 1c 81 4e 8d 34 81 8b 75 58 41 81 e0 ff ff
0x00007fffcfecf9b5:   ff 00 41 81 c8 00 00 00 47 48 8b cd 45 89 06 c7
0x00007fffcfecf9c5:   45 58 01 00 00 00 e8 80 38 00 00 66 83 7c 24 68
0x00007fffcfecf9d5:   00 41 89 1e 89 75 58 74 40 8b 4c 24 70 49 ff c7
0x00007fffcfecf9e5:   0f b7 c1 48 83 c7 08 4c 3b f8 0f 8c 4b ff ff ff
0x00007fffcfecf9f5:   83 7d 5c 00 74 23 48 83 3d 8d 34 78 00 00 74 15
0x00007fffcfecfa05:   80 7d 42 00 74 0f 48 8d 15 76 f5 58 00 48 8b cd
0x00007fffcfecfa15:   e8 a6 42 00 00 c6 45 42 00 4c 8b 74 24 28 4c 8b
0x00007fffcfecfa25:   6c 24 30 4c 8b 64 24 38 48 8b 7c 24 40 48 8b 74
0x00007fffcfecfa35:   24 48 48 8b 5c 24 60 4c 8b 7c 24 20 48 83 c4 50
0x00007fffcfecfa45:   5d c3 cc cc cc cc cc cc cc cc cc 48 89 5c 24 10
0x00007fffcfecfa55:   48 89 6c 24 18 56 57 41 56 48 83 ec 50 48 8b 05
0x00007fffcfecfa65:   af 03 73 00 48 33 c4 48 89 44 24 40 48 8b 41 08
0x00007fffcfecfa75:   48 8b d9 41 8b e8 8b f2 45 33 c0 41 8b d1 48 8b
0x00007fffcfecfa85:   48 08 48 8b 79 08 48 8b cf e8 6d ee f0 ff 8b d0
0x00007fffcfecfa95:   48 8b cf e8 23 19 f1 ff 48 63 c8 48 8b 44 cf 48
0x00007fffcfecfaa5:   0f be 48 06 e8 22 7c 3a 00 8b 0d d0 32 78 00 48
0x00007fffcfecfab5:   8d 3d cd 32 78 00 8d 50 f4 83 fa 01 76 27 8d 50
0x00007fffcfecfac5:   f9 f7 c2 fb ff ff ff 74 13 83 f8 0e 48 8d 15 c0
0x00007fffcfecfad5:   32 78 00 4c 8b d7 4c 0f 45 d2 eb 27 4c 8d 15 e0
0x00007fffcfecfae5:   32 78 00 eb 1e 8b 84 24 90 00 00 00 4c 8d 54 24
0x00007fffcfecfaf5:   30 25 ff ff ff 00 89 4c 24 34 0d 00 00 00 46 89
0x00007fffcfecfb05:   44 24 30 45 33 c0 85 f6 74 05 49 8b fa eb 29 41
0x00007fffcfecfb15:   8b 02 85 c0 74 22 49 8b d0 4d 8b c8 42 89 44 0c
0x00007fffcfecfb25:   20 48 8d 52 01 4c 8d 0c 95 00 00 00 00 41 ff c0
0x00007fffcfecfb35:   43 8b 04 11 85 c0 75 e4 85 ed 75 10 8b 05 8d ce
0x00007fffcfecfb45:   6f 00 49 63 d0 41 ff c0 89 44 94 20 49 63 c0 4c
0x00007fffcfecfb55:   8d 74 24 20 89 4c 84 20 8b 74 24 20 85 f6 74 4c
0x00007fffcfecfb65:   48 63 53 58 85 d2 7f 18 48 8d 15 9c 0a 55 00 48
0x00007fffcfecfb75:   8b cb e8 14 48 00 00 44 8b 05 0d 32 78 00 eb 16
0x00007fffcfecfb85:   48 63 4b 20 8d 42 ff 89 43 58 48 03 ca 48 8b 43
0x00007fffcfecfb95:   48 44 8b 44 88 fc 8b d6 48 8b cb e8 5b f0 ff ff 


Stack slot to memory mapping:
stack at sp + 0 slots: 0x0000006c7e7fea70 is pointing into the stack for thread: 0x0000022c2acbb330
stack at sp + 1 slots: 0x00007fffcfcd9d9e jvm.dll
stack at sp + 2 slots: 0x0000006c7e7fea70 is pointing into the stack for thread: 0x0000022c2acbb330
stack at sp + 3 slots: 0x00007fffcfcd9d9e jvm.dll
stack at sp + 4 slots: 0x000000004fffffff is an unknown value
stack at sp + 5 slots: 0x00000000000004b0 is an unknown value
stack at sp + 6 slots: 0x0000006c7e7feca0 is pointing into the stack for thread: 0x0000022c2acbb330
stack at sp + 7 slots: 0x00007fffcfed0793 jvm.dll


---------------  P R O C E S S  ---------------

Threads class SMR info:
_java_thread_list=0x0000022c2b90cc30, length=19, elements={
0x0000022c2a13edb0, 0x0000022c2a13f790, 0x0000022c2aa580e0, 0x0000022c2aa589a0,
0x0000022c2aa5a270, 0x0000022c2aa6edc0, 0x0000022c2aa70780, 0x0000022c2aa79850,
0x0000022c2ab80330, 0x0000022c2acbb330, 0x0000022c2ac54c00, 0x0000022c2ac552e0,
0x0000022c2ad789a0, 0x0000022c2b286c40, 0x0000022c2b28a3f0, 0x0000022c2b28e390,
0x0000022c2b345da0, 0x0000022c06c62e00, 0x0000022c2ae48ae0
}

Java Threads: ( => current thread )
  0x0000022c2a13edb0 JavaThread "Reference Handler" daemon [_thread_blocked, id=9248, stack(0x0000006c7dd00000,0x0000006c7de00000)]
  0x0000022c2a13f790 JavaThread "Finalizer" daemon [_thread_blocked, id=8776, stack(0x0000006c7de00000,0x0000006c7df00000)]
  0x0000022c2aa580e0 JavaThread "Signal Dispatcher" daemon [_thread_blocked, id=8568, stack(0x0000006c7df00000,0x0000006c7e000000)]
  0x0000022c2aa589a0 JavaThread "Attach Listener" daemon [_thread_blocked, id=5368, stack(0x0000006c7e000000,0x0000006c7e100000)]
  0x0000022c2aa5a270 JavaThread "Service Thread" daemon [_thread_blocked, id=8384, stack(0x0000006c7e100000,0x0000006c7e200000)]
  0x0000022c2aa6edc0 JavaThread "C2 CompilerThread0" daemon [_thread_blocked, id=9352, stack(0x0000006c7e200000,0x0000006c7e300000)]
  0x0000022c2aa70780 JavaThread "C1 CompilerThread0" daemon [_thread_blocked, id=2612, stack(0x0000006c7e300000,0x0000006c7e400000)]
  0x0000022c2aa79850 JavaThread "Sweeper thread" daemon [_thread_blocked, id=9392, stack(0x0000006c7e400000,0x0000006c7e500000)]
  0x0000022c2ab80330 JavaThread "Common-Cleaner" daemon [_thread_blocked, id=7120, stack(0x0000006c7e500000,0x0000006c7e600000)]
=>0x0000022c2acbb330 JavaThread "JDWP Transport Listener: dt_socket" daemon [_thread_in_vm, id=3496, stack(0x0000006c7e700000,0x0000006c7e800000)]
  0x0000022c2ac54c00 JavaThread "JDWP Event Helper Thread" daemon [_thread_blocked, id=6000, stack(0x0000006c7e800000,0x0000006c7e900000)]
  0x0000022c2ac552e0 JavaThread "JDWP Command Reader" daemon [_thread_in_native, id=5652, stack(0x0000006c7e900000,0x0000006c7ea00000)]
  0x0000022c2ad789a0 JavaThread "Notification Thread" daemon [_thread_blocked, id=1904, stack(0x0000006c7ea00000,0x0000006c7eb00000)]
  0x0000022c2b286c40 JavaThread "Java2D Disposer" daemon [_thread_blocked, id=2984, stack(0x0000006c7ec00000,0x0000006c7ed00000)]
  0x0000022c2b28a3f0 JavaThread "AWT-Shutdown" [_thread_blocked, id=6192, stack(0x0000006c7ed00000,0x0000006c7ee00000)]
  0x0000022c2b28e390 JavaThread "AWT-Windows" daemon [_thread_in_native, id=2252, stack(0x0000006c7ee00000,0x0000006c7ef00000)]
  0x0000022c2b345da0 JavaThread "AWT-EventQueue-0" [_thread_blocked, id=1572, stack(0x0000006c7ef00000,0x0000006c7f000000)]
  0x0000022c06c62e00 JavaThread "DestroyJavaVM" [_thread_blocked, id=3536, stack(0x0000006c7d600000,0x0000006c7d700000)]
  0x0000022c2ae48ae0 JavaThread "TimerQueue" daemon [_thread_blocked, id=1844, stack(0x0000006c7e600000,0x0000006c7e700000)]

Other Threads:
  0x0000022c2a1386f0 VMThread "VM Thread" [stack: 0x0000006c7dc00000,0x0000006c7dd00000] [id=5724]
  0x0000022c2ae057a0 WatcherThread [stack: 0x0000006c7eb00000,0x0000006c7ec00000] [id=6788]
  0x0000022c06cb4b40 GCTaskThread "GC Thread#0" [stack: 0x0000006c7d700000,0x0000006c7d800000] [id=3008]
  0x0000022c2ad26fe0 GCTaskThread "GC Thread#1" [stack: 0x0000006c7f300000,0x0000006c7f400000] [id=2332]
  0x0000022c2ad25cc0 GCTaskThread "GC Thread#2" [stack: 0x0000006c7f400000,0x0000006c7f500000] [id=7768]
  0x0000022c2ad24010 GCTaskThread "GC Thread#3" [stack: 0x0000006c7f500000,0x0000006c7f600000] [id=452]
  0x0000022c2ad25ff0 GCTaskThread "GC Thread#4" [stack: 0x0000006c7f600000,0x0000006c7f700000] [id=9588]
  0x0000022c2ad24670 GCTaskThread "GC Thread#5" [stack: 0x0000006c7f700000,0x0000006c7f800000] [id=3876]
  0x0000022c06cc5e90 ConcurrentGCThread "G1 Main Marker" [stack: 0x0000006c7d800000,0x0000006c7d900000] [id=6652]
  0x0000022c06cc6890 ConcurrentGCThread "G1 Conc#0" [stack: 0x0000006c7d900000,0x0000006c7da00000] [id=2860]
  0x0000022c06d3e210 ConcurrentGCThread "G1 Refine#0" [stack: 0x0000006c7da00000,0x0000006c7db00000] [id=3868]
  0x0000022c06d3eac0 ConcurrentGCThread "G1 Young RemSet Sampling" [stack: 0x0000006c7db00000,0x0000006c7dc00000] [id=5224]

Threads with active compile tasks:

VM state: not at safepoint (normal execution)

VM Mutex/Monitor currently owned by a thread: None

Heap address: 0x0000000703a00000, size: 4038 MB, Compressed Oops mode: Zero based, Oop shift amount: 3
CDS archive(s) mapped at: [0x0000000800000000-0x0000000800b50000-0x0000000800b50000), size 11862016, SharedBaseAddress: 0x0000000800000000, ArchiveRelocationMode: 0.
Compressed class space mapped at: 0x0000000800b50000-0x0000000840b50000, size: 1073741824
Narrow klass base: 0x0000000800000000, Narrow klass shift: 3, Narrow klass range: 0x100000000

GC Precious Log:
 CPUs: 8 total, 8 available
 Memory: 16151M
 Large Page Support: Disabled
 NUMA Support: Disabled
 Compressed Oops: Enabled (Zero based)
 Heap Region Size: 2M
 Heap Min Capacity: 8M
 Heap Initial Capacity: 254M
 Heap Max Capacity: 4038M
 Pre-touch: Disabled
 Parallel Workers: 8
 Concurrent Workers: 2
 Concurrent Refinement Workers: 8
 Periodic GC: Disabled

Heap:
 garbage-first heap   total 260096K, used 16253K [0x0000000703a00000, 0x0000000800000000)
  region size 2048K, 5 young (10240K), 2 survivors (4096K)
 Metaspace       used 13160K, capacity 13435K, committed 13568K, reserved 1060864K
  class space    used 1441K, capacity 1519K, committed 1536K, reserved 1048576K

Heap Regions: E=young(eden), S=young(survivor), O=old, HS=humongous(starts), HC=humongous(continues), CS=collection set, F=free, OA=open archive, CA=closed archive, TAMS=top-at-mark-start (previous, next)
|   0|0x0000000703a00000, 0x0000000703c00000, 0x0000000703c00000|100%|HS|  |TAMS 0x0000000703a00000, 0x0000000703a00000| Complete 
|   1|0x0000000703c00000, 0x0000000703e00000, 0x0000000703e00000|100%|HC|  |TAMS 0x0000000703c00000, 0x0000000703c00000| Complete 
|   2|0x0000000703e00000, 0x0000000704000000, 0x0000000704000000|100%|HC|  |TAMS 0x0000000703e00000, 0x0000000703e00000| Complete 
|   3|0x0000000704000000, 0x0000000704200000, 0x0000000704200000|100%|HC|  |TAMS 0x0000000704000000, 0x0000000704000000| Complete 
|   4|0x0000000704200000, 0x0000000704200000, 0x0000000704400000|  0%| F|  |TAMS 0x0000000704200000, 0x0000000704200000| Untracked 
|   5|0x0000000704400000, 0x0000000704400000, 0x0000000704600000|  0%| F|  |TAMS 0x0000000704400000, 0x0000000704400000| Untracked 
|   6|0x0000000704600000, 0x0000000704600000, 0x0000000704800000|  0%| F|  |TAMS 0x0000000704600000, 0x0000000704600000| Untracked 
|   7|0x0000000704800000, 0x0000000704800000, 0x0000000704a00000|  0%| F|  |TAMS 0x0000000704800000, 0x0000000704800000| Untracked 
|   8|0x0000000704a00000, 0x0000000704a00000, 0x0000000704c00000|  0%| F|  |TAMS 0x0000000704a00000, 0x0000000704a00000| Untracked 
|   9|0x0000000704c00000, 0x0000000704c00000, 0x0000000704e00000|  0%| F|  |TAMS 0x0000000704c00000, 0x0000000704c00000| Untracked 
|  10|0x0000000704e00000, 0x0000000704e00000, 0x0000000705000000|  0%| F|  |TAMS 0x0000000704e00000, 0x0000000704e00000| Untracked 
|  11|0x0000000705000000, 0x0000000705000000, 0x0000000705200000|  0%| F|  |TAMS 0x0000000705000000, 0x0000000705000000| Untracked 
|  12|0x0000000705200000, 0x0000000705200000, 0x0000000705400000|  0%| F|  |TAMS 0x0000000705200000, 0x0000000705200000| Untracked 
|  13|0x0000000705400000, 0x0000000705400000, 0x0000000705600000|  0%| F|  |TAMS 0x0000000705400000, 0x0000000705400000| Untracked 
|  14|0x0000000705600000, 0x0000000705600000, 0x0000000705800000|  0%| F|  |TAMS 0x0000000705600000, 0x0000000705600000| Untracked 
|  15|0x0000000705800000, 0x0000000705800000, 0x0000000705a00000|  0%| F|  |TAMS 0x0000000705800000, 0x0000000705800000| Untracked 
|  16|0x0000000705a00000, 0x0000000705a00000, 0x0000000705c00000|  0%| F|  |TAMS 0x0000000705a00000, 0x0000000705a00000| Untracked 
|  17|0x0000000705c00000, 0x0000000705c00000, 0x0000000705e00000|  0%| F|  |TAMS 0x0000000705c00000, 0x0000000705c00000| Untracked 
|  18|0x0000000705e00000, 0x0000000705e00000, 0x0000000706000000|  0%| F|  |TAMS 0x0000000705e00000, 0x0000000705e00000| Untracked 
|  19|0x0000000706000000, 0x0000000706000000, 0x0000000706200000|  0%| F|  |TAMS 0x0000000706000000, 0x0000000706000000| Untracked 
|  20|0x0000000706200000, 0x0000000706200000, 0x0000000706400000|  0%| F|  |TAMS 0x0000000706200000, 0x0000000706200000| Untracked 
|  21|0x0000000706400000, 0x0000000706400000, 0x0000000706600000|  0%| F|  |TAMS 0x0000000706400000, 0x0000000706400000| Untracked 
|  22|0x0000000706600000, 0x0000000706600000, 0x0000000706800000|  0%| F|  |TAMS 0x0000000706600000, 0x0000000706600000| Untracked 
|  23|0x0000000706800000, 0x0000000706800000, 0x0000000706a00000|  0%| F|  |TAMS 0x0000000706800000, 0x0000000706800000| Untracked 
|  24|0x0000000706a00000, 0x0000000706a00000, 0x0000000706c00000|  0%| F|  |TAMS 0x0000000706a00000, 0x0000000706a00000| Untracked 
|  25|0x0000000706c00000, 0x0000000706c00000, 0x0000000706e00000|  0%| F|  |TAMS 0x0000000706c00000, 0x0000000706c00000| Untracked 
|  26|0x0000000706e00000, 0x0000000706e00000, 0x0000000707000000|  0%| F|  |TAMS 0x0000000706e00000, 0x0000000706e00000| Untracked 
|  27|0x0000000707000000, 0x0000000707000000, 0x0000000707200000|  0%| F|  |TAMS 0x0000000707000000, 0x0000000707000000| Untracked 
|  28|0x0000000707200000, 0x0000000707200000, 0x0000000707400000|  0%| F|  |TAMS 0x0000000707200000, 0x0000000707200000| Untracked 
|  29|0x0000000707400000, 0x0000000707400000, 0x0000000707600000|  0%| F|  |TAMS 0x0000000707400000, 0x0000000707400000| Untracked 
|  30|0x0000000707600000, 0x0000000707600000, 0x0000000707800000|  0%| F|  |TAMS 0x0000000707600000, 0x0000000707600000| Untracked 
|  31|0x0000000707800000, 0x0000000707800000, 0x0000000707a00000|  0%| F|  |TAMS 0x0000000707800000, 0x0000000707800000| Untracked 
|  32|0x0000000707a00000, 0x0000000707a00000, 0x0000000707c00000|  0%| F|  |TAMS 0x0000000707a00000, 0x0000000707a00000| Untracked 
|  33|0x0000000707c00000, 0x0000000707c00000, 0x0000000707e00000|  0%| F|  |TAMS 0x0000000707c00000, 0x0000000707c00000| Untracked 
|  34|0x0000000707e00000, 0x0000000707e00000, 0x0000000708000000|  0%| F|  |TAMS 0x0000000707e00000, 0x0000000707e00000| Untracked 
|  35|0x0000000708000000, 0x0000000708000000, 0x0000000708200000|  0%| F|  |TAMS 0x0000000708000000, 0x0000000708000000| Untracked 
|  36|0x0000000708200000, 0x0000000708200000, 0x0000000708400000|  0%| F|  |TAMS 0x0000000708200000, 0x0000000708200000| Untracked 
|  37|0x0000000708400000, 0x0000000708400000, 0x0000000708600000|  0%| F|  |TAMS 0x0000000708400000, 0x0000000708400000| Untracked 
|  38|0x0000000708600000, 0x0000000708600000, 0x0000000708800000|  0%| F|  |TAMS 0x0000000708600000, 0x0000000708600000| Untracked 
|  39|0x0000000708800000, 0x0000000708800000, 0x0000000708a00000|  0%| F|  |TAMS 0x0000000708800000, 0x0000000708800000| Untracked 
|  40|0x0000000708a00000, 0x0000000708a00000, 0x0000000708c00000|  0%| F|  |TAMS 0x0000000708a00000, 0x0000000708a00000| Untracked 
|  41|0x0000000708c00000, 0x0000000708c00000, 0x0000000708e00000|  0%| F|  |TAMS 0x0000000708c00000, 0x0000000708c00000| Untracked 
|  42|0x0000000708e00000, 0x0000000708e00000, 0x0000000709000000|  0%| F|  |TAMS 0x0000000708e00000, 0x0000000708e00000| Untracked 
|  43|0x0000000709000000, 0x0000000709000000, 0x0000000709200000|  0%| F|  |TAMS 0x0000000709000000, 0x0000000709000000| Untracked 
|  44|0x0000000709200000, 0x0000000709200000, 0x0000000709400000|  0%| F|  |TAMS 0x0000000709200000, 0x0000000709200000| Untracked 
|  45|0x0000000709400000, 0x0000000709400000, 0x0000000709600000|  0%| F|  |TAMS 0x0000000709400000, 0x0000000709400000| Untracked 
|  46|0x0000000709600000, 0x0000000709600000, 0x0000000709800000|  0%| F|  |TAMS 0x0000000709600000, 0x0000000709600000| Untracked 
|  47|0x0000000709800000, 0x0000000709800000, 0x0000000709a00000|  0%| F|  |TAMS 0x0000000709800000, 0x0000000709800000| Untracked 
|  48|0x0000000709a00000, 0x0000000709a00000, 0x0000000709c00000|  0%| F|  |TAMS 0x0000000709a00000, 0x0000000709a00000| Untracked 
|  49|0x0000000709c00000, 0x0000000709c00000, 0x0000000709e00000|  0%| F|  |TAMS 0x0000000709c00000, 0x0000000709c00000| Untracked 
|  50|0x0000000709e00000, 0x0000000709e00000, 0x000000070a000000|  0%| F|  |TAMS 0x0000000709e00000, 0x0000000709e00000| Untracked 
|  51|0x000000070a000000, 0x000000070a000000, 0x000000070a200000|  0%| F|  |TAMS 0x000000070a000000, 0x000000070a000000| Untracked 
|  52|0x000000070a200000, 0x000000070a200000, 0x000000070a400000|  0%| F|  |TAMS 0x000000070a200000, 0x000000070a200000| Untracked 
|  53|0x000000070a400000, 0x000000070a400000, 0x000000070a600000|  0%| F|  |TAMS 0x000000070a400000, 0x000000070a400000| Untracked 
|  54|0x000000070a600000, 0x000000070a600000, 0x000000070a800000|  0%| F|  |TAMS 0x000000070a600000, 0x000000070a600000| Untracked 
|  55|0x000000070a800000, 0x000000070a800000, 0x000000070aa00000|  0%| F|  |TAMS 0x000000070a800000, 0x000000070a800000| Untracked 
|  56|0x000000070aa00000, 0x000000070aa00000, 0x000000070ac00000|  0%| F|  |TAMS 0x000000070aa00000, 0x000000070aa00000| Untracked 
|  57|0x000000070ac00000, 0x000000070ac00000, 0x000000070ae00000|  0%| F|  |TAMS 0x000000070ac00000, 0x000000070ac00000| Untracked 
|  58|0x000000070ae00000, 0x000000070ae00000, 0x000000070b000000|  0%| F|  |TAMS 0x000000070ae00000, 0x000000070ae00000| Untracked 
|  59|0x000000070b000000, 0x000000070b000000, 0x000000070b200000|  0%| F|  |TAMS 0x000000070b000000, 0x000000070b000000| Untracked 
|  60|0x000000070b200000, 0x000000070b200000, 0x000000070b400000|  0%| F|  |TAMS 0x000000070b200000, 0x000000070b200000| Untracked 
|  61|0x000000070b400000, 0x000000070b400000, 0x000000070b600000|  0%| F|  |TAMS 0x000000070b400000, 0x000000070b400000| Untracked 
|  62|0x000000070b600000, 0x000000070b600000, 0x000000070b800000|  0%| F|  |TAMS 0x000000070b600000, 0x000000070b600000| Untracked 
|  63|0x000000070b800000, 0x000000070b800000, 0x000000070ba00000|  0%| F|  |TAMS 0x000000070b800000, 0x000000070b800000| Untracked 
|  64|0x000000070ba00000, 0x000000070ba00000, 0x000000070bc00000|  0%| F|  |TAMS 0x000000070ba00000, 0x000000070ba00000| Untracked 
|  65|0x000000070bc00000, 0x000000070bc00000, 0x000000070be00000|  0%| F|  |TAMS 0x000000070bc00000, 0x000000070bc00000| Untracked 
|  66|0x000000070be00000, 0x000000070be00000, 0x000000070c000000|  0%| F|  |TAMS 0x000000070be00000, 0x000000070be00000| Untracked 
|  67|0x000000070c000000, 0x000000070c000000, 0x000000070c200000|  0%| F|  |TAMS 0x000000070c000000, 0x000000070c000000| Untracked 
|  68|0x000000070c200000, 0x000000070c200000, 0x000000070c400000|  0%| F|  |TAMS 0x000000070c200000, 0x000000070c200000| Untracked 
|  69|0x000000070c400000, 0x000000070c400000, 0x000000070c600000|  0%| F|  |TAMS 0x000000070c400000, 0x000000070c400000| Untracked 
|  70|0x000000070c600000, 0x000000070c600000, 0x000000070c800000|  0%| F|  |TAMS 0x000000070c600000, 0x000000070c600000| Untracked 
|  71|0x000000070c800000, 0x000000070c800000, 0x000000070ca00000|  0%| F|  |TAMS 0x000000070c800000, 0x000000070c800000| Untracked 
|  72|0x000000070ca00000, 0x000000070ca00000, 0x000000070cc00000|  0%| F|  |TAMS 0x000000070ca00000, 0x000000070ca00000| Untracked 
|  73|0x000000070cc00000, 0x000000070cc00000, 0x000000070ce00000|  0%| F|  |TAMS 0x000000070cc00000, 0x000000070cc00000| Untracked 
|  74|0x000000070ce00000, 0x000000070ce00000, 0x000000070d000000|  0%| F|  |TAMS 0x000000070ce00000, 0x000000070ce00000| Untracked 
|  75|0x000000070d000000, 0x000000070d000000, 0x000000070d200000|  0%| F|  |TAMS 0x000000070d000000, 0x000000070d000000| Untracked 
|  76|0x000000070d200000, 0x000000070d200000, 0x000000070d400000|  0%| F|  |TAMS 0x000000070d200000, 0x000000070d200000| Untracked 
|  77|0x000000070d400000, 0x000000070d400000, 0x000000070d600000|  0%| F|  |TAMS 0x000000070d400000, 0x000000070d400000| Untracked 
|  78|0x000000070d600000, 0x000000070d600000, 0x000000070d800000|  0%| F|  |TAMS 0x000000070d600000, 0x000000070d600000| Untracked 
|  79|0x000000070d800000, 0x000000070d800000, 0x000000070da00000|  0%| F|  |TAMS 0x000000070d800000, 0x000000070d800000| Untracked 
|  80|0x000000070da00000, 0x000000070da00000, 0x000000070dc00000|  0%| F|  |TAMS 0x000000070da00000, 0x000000070da00000| Untracked 
|  81|0x000000070dc00000, 0x000000070dc00000, 0x000000070de00000|  0%| F|  |TAMS 0x000000070dc00000, 0x000000070dc00000| Untracked 
|  82|0x000000070de00000, 0x000000070de00000, 0x000000070e000000|  0%| F|  |TAMS 0x000000070de00000, 0x000000070de00000| Untracked 
|  83|0x000000070e000000, 0x000000070e000000, 0x000000070e200000|  0%| F|  |TAMS 0x000000070e000000, 0x000000070e000000| Untracked 
|  84|0x000000070e200000, 0x000000070e200000, 0x000000070e400000|  0%| F|  |TAMS 0x000000070e200000, 0x000000070e200000| Untracked 
|  85|0x000000070e400000, 0x000000070e400000, 0x000000070e600000|  0%| F|  |TAMS 0x000000070e400000, 0x000000070e400000| Untracked 
|  86|0x000000070e600000, 0x000000070e600000, 0x000000070e800000|  0%| F|  |TAMS 0x000000070e600000, 0x000000070e600000| Untracked 
|  87|0x000000070e800000, 0x000000070e800000, 0x000000070ea00000|  0%| F|  |TAMS 0x000000070e800000, 0x000000070e800000| Untracked 
|  88|0x000000070ea00000, 0x000000070ea00000, 0x000000070ec00000|  0%| F|  |TAMS 0x000000070ea00000, 0x000000070ea00000| Untracked 
|  89|0x000000070ec00000, 0x000000070ec00000, 0x000000070ee00000|  0%| F|  |TAMS 0x000000070ec00000, 0x000000070ec00000| Untracked 
|  90|0x000000070ee00000, 0x000000070ee00000, 0x000000070f000000|  0%| F|  |TAMS 0x000000070ee00000, 0x000000070ee00000| Untracked 
|  91|0x000000070f000000, 0x000000070f000000, 0x000000070f200000|  0%| F|  |TAMS 0x000000070f000000, 0x000000070f000000| Untracked 
|  92|0x000000070f200000, 0x000000070f200000, 0x000000070f400000|  0%| F|  |TAMS 0x000000070f200000, 0x000000070f200000| Untracked 
|  93|0x000000070f400000, 0x000000070f400000, 0x000000070f600000|  0%| F|  |TAMS 0x000000070f400000, 0x000000070f400000| Untracked 
|  94|0x000000070f600000, 0x000000070f600000, 0x000000070f800000|  0%| F|  |TAMS 0x000000070f600000, 0x000000070f600000| Untracked 
|  95|0x000000070f800000, 0x000000070f800000, 0x000000070fa00000|  0%| F|  |TAMS 0x000000070f800000, 0x000000070f800000| Untracked 
|  96|0x000000070fa00000, 0x000000070fa00000, 0x000000070fc00000|  0%| F|  |TAMS 0x000000070fa00000, 0x000000070fa00000| Untracked 
|  97|0x000000070fc00000, 0x000000070fc00000, 0x000000070fe00000|  0%| F|  |TAMS 0x000000070fc00000, 0x000000070fc00000| Untracked 
|  98|0x000000070fe00000, 0x000000070fe00000, 0x0000000710000000|  0%| F|  |TAMS 0x000000070fe00000, 0x000000070fe00000| Untracked 
|  99|0x0000000710000000, 0x0000000710000000, 0x0000000710200000|  0%| F|  |TAMS 0x0000000710000000, 0x0000000710000000| Untracked 
| 100|0x0000000710200000, 0x0000000710200000, 0x0000000710400000|  0%| F|  |TAMS 0x0000000710200000, 0x0000000710200000| Untracked 
| 101|0x0000000710400000, 0x0000000710400000, 0x0000000710600000|  0%| F|  |TAMS 0x0000000710400000, 0x0000000710400000| Untracked 
| 102|0x0000000710600000, 0x0000000710600000, 0x0000000710800000|  0%| F|  |TAMS 0x0000000710600000, 0x0000000710600000| Untracked 
| 103|0x0000000710800000, 0x0000000710800000, 0x0000000710a00000|  0%| F|  |TAMS 0x0000000710800000, 0x0000000710800000| Untracked 
| 104|0x0000000710a00000, 0x0000000710a00000, 0x0000000710c00000|  0%| F|  |TAMS 0x0000000710a00000, 0x0000000710a00000| Untracked 
| 105|0x0000000710c00000, 0x0000000710c00000, 0x0000000710e00000|  0%| F|  |TAMS 0x0000000710c00000, 0x0000000710c00000| Untracked 
| 106|0x0000000710e00000, 0x0000000710e00000, 0x0000000711000000|  0%| F|  |TAMS 0x0000000710e00000, 0x0000000710e00000| Untracked 
| 107|0x0000000711000000, 0x0000000711000000, 0x0000000711200000|  0%| F|  |TAMS 0x0000000711000000, 0x0000000711000000| Untracked 
| 108|0x0000000711200000, 0x0000000711200000, 0x0000000711400000|  0%| F|  |TAMS 0x0000000711200000, 0x0000000711200000| Untracked 
| 109|0x0000000711400000, 0x0000000711400000, 0x0000000711600000|  0%| F|  |TAMS 0x0000000711400000, 0x0000000711400000| Untracked 
| 110|0x0000000711600000, 0x0000000711600000, 0x0000000711800000|  0%| F|  |TAMS 0x0000000711600000, 0x0000000711600000| Untracked 
| 111|0x0000000711800000, 0x0000000711800000, 0x0000000711a00000|  0%| F|  |TAMS 0x0000000711800000, 0x0000000711800000| Untracked 
| 112|0x0000000711a00000, 0x0000000711a00000, 0x0000000711c00000|  0%| F|  |TAMS 0x0000000711a00000, 0x0000000711a00000| Untracked 
| 113|0x0000000711c00000, 0x0000000711c00000, 0x0000000711e00000|  0%| F|  |TAMS 0x0000000711c00000, 0x0000000711c00000| Untracked 
| 114|0x0000000711e00000, 0x0000000711fdf5d0, 0x0000000712000000| 93%| S|CS|TAMS 0x0000000711e00000, 0x0000000711e00000| Complete 
| 115|0x0000000712000000, 0x0000000712200000, 0x0000000712200000|100%| S|CS|TAMS 0x0000000712000000, 0x0000000712000000| Complete 
| 116|0x0000000712200000, 0x0000000712200000, 0x0000000712400000|  0%| F|  |TAMS 0x0000000712200000, 0x0000000712200000| Untracked 
| 117|0x0000000712400000, 0x0000000712400000, 0x0000000712600000|  0%| F|  |TAMS 0x0000000712400000, 0x0000000712400000| Untracked 
| 118|0x0000000712600000, 0x0000000712600000, 0x0000000712800000|  0%| F|  |TAMS 0x0000000712600000, 0x0000000712600000| Untracked 
| 119|0x0000000712800000, 0x0000000712800000, 0x0000000712a00000|  0%| F|  |TAMS 0x0000000712800000, 0x0000000712800000| Untracked 
| 120|0x0000000712a00000, 0x0000000712a00000, 0x0000000712c00000|  0%| F|  |TAMS 0x0000000712a00000, 0x0000000712a00000| Untracked 
| 121|0x0000000712c00000, 0x0000000712c00000, 0x0000000712e00000|  0%| F|  |TAMS 0x0000000712c00000, 0x0000000712c00000| Untracked 
| 122|0x0000000712e00000, 0x0000000712e00000, 0x0000000713000000|  0%| F|  |TAMS 0x0000000712e00000, 0x0000000712e00000| Untracked 
| 123|0x0000000713000000, 0x0000000713000000, 0x0000000713200000|  0%| F|  |TAMS 0x0000000713000000, 0x0000000713000000| Untracked 
| 124|0x0000000713200000, 0x000000071324c7b8, 0x0000000713400000| 14%| E|  |TAMS 0x0000000713200000, 0x0000000713200000| Complete 
| 125|0x0000000713400000, 0x0000000713600000, 0x0000000713600000|100%| E|CS|TAMS 0x0000000713400000, 0x0000000713400000| Complete 
| 126|0x0000000713600000, 0x0000000713800000, 0x0000000713800000|100%| E|CS|TAMS 0x0000000713600000, 0x0000000713600000| Complete 

Card table byte_map: [0x0000022c1e8b0000,0x0000022c1f0a0000] _byte_map_base: 0x0000022c1b093000

Marking Bits (Prev, Next): (CMBitMap*) 0x0000022c06cb5140, (CMBitMap*) 0x0000022c06cb5180
 Prev Bits: [0x0000022c1f890000, 0x0000022c237a8000)
 Next Bits: [0x0000022c237b0000, 0x0000022c276c8000)

Polling page: 0x0000022c04a50000

Metaspace:

Usage:
  Non-class:     11.64 MB capacity,    11.44 MB ( 98%) used,   170.41 KB (  1%) free+waste,    26.44 KB ( <1%) overhead. 
      Class:      1.48 MB capacity,     1.41 MB ( 95%) used,    66.84 KB (  4%) free+waste,    10.38 KB ( <1%) overhead. 
       Both:     13.12 MB capacity,    12.85 MB ( 98%) used,   237.25 KB (  2%) free+waste,    36.81 KB ( <1%) overhead. 

Virtual space:
  Non-class space:       12.00 MB reserved,      11.75 MB ( 98%) committed 
      Class space:        1.00 GB reserved,       1.50 MB ( <1%) committed 
             Both:        1.01 GB reserved,      13.25 MB (  1%) committed 

Chunk freelists:
   Non-Class:  52.00 KB
       Class:  0 bytes
        Both:  52.00 KB

MaxMetaspaceSize: 17179869184.00 GB
CompressedClassSpaceSize: 1.00 GB

CodeHeap 'non-profiled nmethods': size=120000Kb used=616Kb max_used=616Kb free=119383Kb
 bounds [0x0000022c16970000, 0x0000022c16be0000, 0x0000022c1dea0000]
CodeHeap 'profiled nmethods': size=120000Kb used=3240Kb max_used=3240Kb free=116759Kb
 bounds [0x0000022c0f440000, 0x0000022c0f770000, 0x0000022c16970000]
CodeHeap 'non-nmethods': size=5760Kb used=1431Kb max_used=1449Kb free=4328Kb
 bounds [0x0000022c0eea0000, 0x0000022c0f110000, 0x0000022c0f440000]
 total_blobs=2493 nmethods=1851 adapters=554
 compilation: enabled
              stopped_count=0, restarted_count=0
 full_count=0

Compilation events (20 events):
Event: 191.650 Thread 0x0000022c2aa70780 1824       3       org.eclipse.jdt.launching.internal.org.objectweb.asm.SymbolTable::addConstantMemberReference (29 bytes)
Event: 191.650 Thread 0x0000022c2aa6edc0 1827       4       org.eclipse.jdt.launching.internal.org.objectweb.asm.ClassReader::readUtf (161 bytes)
Event: 191.650 Thread 0x0000022c2aa70780 nmethod 1824 0x0000022c0f767b10 code [0x0000022c0f767d00, 0x0000022c0f7680a8]
Event: 191.650 Thread 0x0000022c2aa70780 1825       3       org.eclipse.jdt.launching.internal.org.objectweb.asm.SymbolTable::hash (20 bytes)
Event: 191.651 Thread 0x0000022c2aa70780 nmethod 1825 0x0000022c0f768390 code [0x0000022c0f768560, 0x0000022c0f768728]
Event: 191.651 Thread 0x0000022c2aa70780 1826       3       org.eclipse.jdt.launching.internal.org.objectweb.asm.SymbolTable$Entry::<init> (20 bytes)
Event: 191.651 Thread 0x0000022c2aa70780 nmethod 1826 0x0000022c0f768890 code [0x0000022c0f768a40, 0x0000022c0f768bc8]
Event: 191.651 Thread 0x0000022c2aa70780 1828       3       org.eclipse.jdt.launching.internal.org.objectweb.asm.SymbolTable$Entry::<init> (18 bytes)
Event: 191.651 Thread 0x0000022c2aa70780 nmethod 1828 0x0000022c0f768c90 code [0x0000022c0f768e40, 0x0000022c0f768fc8]
Event: 191.651 Thread 0x0000022c2aa70780 1829       3       org.eclipse.jdt.launching.internal.org.objectweb.asm.AnnotationWriter::putAnnotations (67 bytes)
Event: 191.652 Thread 0x0000022c2aa70780 nmethod 1829 0x0000022c0f769090 code [0x0000022c0f7692c0, 0x0000022c0f7696f8]
Event: 191.687 Thread 0x0000022c2aa6edc0 

Event: 325.111 Thread 0x0000022c2aa6edc0 1851       4       org.eclipse.jdt.launching.internal.org.objectweb.asm.ClassReader::readUtf (161 bytes)
Event: 325.111 Thread 0x0000022c2aa70780 1853       3       org.eclipse.jdt.launching.internal.org.objectweb.asm.SymbolTable::addConstantUtf8Reference (20 bytes)
Event: 325.111 Thread 0x0000022c2aa70780 nmethod 1853 0x0000022c0f769a10 code [0x0000022c0f769be0, 0x0000022c0f769ea8]
Event: 325.112 Thread 0x0000022c2aa70780 1854       1       org.eclipse.jdt.launching.internal.org.objectweb.asm.SymbolTable::getSource (5 bytes)
Event: 325.112 Thread 0x0000022c2aa70780 nmethod 1854 0x0000022c16a08590 code [0x0000022c16a08720, 0x0000022c16a087d8]
Event: 325.142 Thread 0x0000022c2aa6edc0 

Event: 325.142 Thread 0x0000022c2aa6edc0 1852       4       org.eclipse.jdt.launching.internal.org.objectweb.asm.ClassReader::readUtf (44 bytes)
Event: 325.177 Thread 0x0000022c2aa6edc0 nmethod 1852 0x0000022c16a08890 code [0x0000022c16a08a60, 0x0000022c16a09b78]

GC Heap History (2 events):
Event: 7.205 GC heap before
{Heap before GC invocations=0 (full 0):
 garbage-first heap   total 260096K, used 30720K [0x0000000703a00000, 0x0000000800000000)
  region size 2048K, 11 young (22528K), 0 survivors (0K)
 Metaspace       used 12733K, capacity 12886K, committed 13056K, reserved 1060864K
  class space    used 1383K, capacity 1454K, committed 1536K, reserved 1048576K
}
Event: 7.210 GC heap after
{Heap after GC invocations=1 (full 0):
 garbage-first heap   total 260096K, used 12157K [0x0000000703a00000, 0x0000000800000000)
  region size 2048K, 2 young (4096K), 2 survivors (4096K)
 Metaspace       used 12733K, capacity 12886K, committed 13056K, reserved 1060864K
  class space    used 1383K, capacity 1454K, committed 1536K, reserved 1048576K
}

Deoptimization events (20 events):
Event: 7.437 Thread 0x0000022c2b345da0 Uncommon trap: trap_request=0xffffffde fr.pc=0x0000022c1697c8bc relative=0x000000000000019c
Event: 7.437 Thread 0x0000022c2b345da0 Uncommon trap: reason=class_check action=maybe_recompile pc=0x0000022c1697c8bc method=java.lang.String.equals(Ljava/lang/Object;)Z @ 8 c2
Event: 7.437 Thread 0x0000022c2b345da0 DEOPT PACKING pc=0x0000022c1697c8bc sp=0x0000006c7effdd00
Event: 7.437 Thread 0x0000022c2b345da0 DEOPT UNPACKING pc=0x0000022c0eea852f sp=0x0000006c7effdc98 mode 2
Event: 7.437 Thread 0x0000022c2b345da0 Uncommon trap: trap_request=0xffffffde fr.pc=0x0000022c1697c8bc relative=0x000000000000019c
Event: 7.437 Thread 0x0000022c2b345da0 Uncommon trap: reason=class_check action=maybe_recompile pc=0x0000022c1697c8bc method=java.lang.String.equals(Ljava/lang/Object;)Z @ 8 c2
Event: 7.437 Thread 0x0000022c2b345da0 DEOPT PACKING pc=0x0000022c1697c8bc sp=0x0000006c7effdd00
Event: 7.437 Thread 0x0000022c2b345da0 DEOPT UNPACKING pc=0x0000022c0eea852f sp=0x0000006c7effdc98 mode 2
Event: 7.750 Thread 0x0000022c2b345da0 Uncommon trap: trap_request=0xffffffde fr.pc=0x0000022c1697c8bc relative=0x000000000000019c
Event: 7.750 Thread 0x0000022c2b345da0 Uncommon trap: reason=class_check action=maybe_recompile pc=0x0000022c1697c8bc method=java.lang.String.equals(Ljava/lang/Object;)Z @ 8 c2
Event: 7.750 Thread 0x0000022c2b345da0 DEOPT PACKING pc=0x0000022c1697c8bc sp=0x0000006c7effdd00
Event: 7.750 Thread 0x0000022c2b345da0 DEOPT UNPACKING pc=0x0000022c0eea852f sp=0x0000006c7effdc98 mode 2
Event: 7.750 Thread 0x0000022c2b345da0 Uncommon trap: trap_request=0xffffffde fr.pc=0x0000022c1697c8bc relative=0x000000000000019c
Event: 7.750 Thread 0x0000022c2b345da0 Uncommon trap: reason=class_check action=maybe_recompile pc=0x0000022c1697c8bc method=java.lang.String.equals(Ljava/lang/Object;)Z @ 8 c2
Event: 7.750 Thread 0x0000022c2b345da0 DEOPT PACKING pc=0x0000022c1697c8bc sp=0x0000006c7effdd00
Event: 7.750 Thread 0x0000022c2b345da0 DEOPT UNPACKING pc=0x0000022c0eea852f sp=0x0000006c7effdc98 mode 2
Event: 25.464 Thread 0x0000022c2b345da0 Uncommon trap: trap_request=0xffffff45 fr.pc=0x0000022c169c8604 relative=0x0000000000003184
Event: 25.464 Thread 0x0000022c2b345da0 Uncommon trap: reason=unstable_if action=reinterpret pc=0x0000022c169c8604 method=java.lang.ref.SoftReference.get()Ljava/lang/Object; @ 17 c2
Event: 25.464 Thread 0x0000022c2b345da0 DEOPT PACKING pc=0x0000022c169c8604 sp=0x0000006c7effd5a0
Event: 25.464 Thread 0x0000022c2b345da0 DEOPT UNPACKING pc=0x0000022c0eea852f sp=0x0000006c7effd398 mode 2

Classes unloaded (0 events):
No events

Classes redefined (2 events):
Event: 191.669 Thread 0x0000022c2a1386f0 redefined class name=project2.mainFrame, count=1
Event: 325.120 Thread 0x0000022c2a1386f0 redefined class name=project2.mainFrame, count=2

Internal exceptions (19 events):
Event: 0.201 Thread 0x0000022c06c62e00 Exception <a 'java/lang/NoSuchMethodError'{0x0000000713448118}: 'void java.lang.invoke.DirectMethodHandle$Holder.invokeStatic(java.lang.Object, java.lang.Object)'> (0x0000000713448118) 
thrown [./open/src/hotspot/share/interpreter/linkResolver.cpp, line 782]
Event: 0.202 Thread 0x0000022c06c62e00 Exception <a 'java/lang/NoSuchMethodError'{0x000000071344bdc0}: 'void java.lang.invoke.DirectMethodHandle$Holder.invokeStaticInit(java.lang.Object, java.lang.Object)'> (0x000000071344bdc0) 
thrown [./open/src/hotspot/share/interpreter/linkResolver.cpp, line 782]
Event: 0.303 Thread 0x0000022c06c62e00 Exception <a 'java/lang/NoSuchMethodError'{0x00000007135e6540}: 'java.lang.Object java.lang.invoke.DirectMethodHandle$Holder.invokeStatic(java.lang.Object)'> (0x00000007135e6540) 
thrown [./open/src/hotspot/share/interpreter/linkResolver.cpp, line 782]
Event: 0.377 Thread 0x0000022c06c62e00 Exception <a 'java/lang/NoSuchMethodError'{0x0000000713389c38}: 'void java.lang.invoke.DirectMethodHandle$Holder.invokeSpecial(java.lang.Object, java.lang.Object, java.lang.Object)'> (0x0000000713389c38) 
thrown [./open/src/hotspot/share/interpreter/linkResolver.cpp, line 782]
Event: 0.385 Thread 0x0000022c06c62e00 Exception <a 'java/lang/ClassNotFoundException'{0x00000007133c9f10}: sun/awt/resources/spi/awtProvider> (0x00000007133c9f10) 
thrown [./open/src/hotspot/share/classfile/systemDictionary.cpp, line 295]
Event: 0.416 Thread 0x0000022c06c62e00 Exception <a 'java/io/FileNotFoundException'{0x0000000713028298}> (0x0000000713028298) 
thrown [./open/src/hotspot/share/prims/jni.cpp, line 578]
Event: 0.424 Thread 0x0000022c06c62e00 Exception <a 'java/io/FileNotFoundException'{0x0000000713058c80}> (0x0000000713058c80) 
thrown [./open/src/hotspot/share/prims/jni.cpp, line 578]
Event: 0.485 Thread 0x0000022c06c62e00 Exception <a 'java/lang/NoSuchMethodError'{0x000000071318a380}: 'java.lang.Object java.lang.invoke.DirectMethodHandle$Holder.invokeStaticInit(java.lang.Object)'> (0x000000071318a380) 
thrown [./open/src/hotspot/share/interpreter/linkResolver.cpp, line 782]
Event: 0.534 Thread 0x0000022c06c62e00 Exception <a 'java/lang/NoSuchMethodError'{0x0000000712eb8320}: 'java.lang.Object java.lang.invoke.DirectMethodHandle$Holder.newInvokeSpecial(java.lang.Object, java.lang.Object, java.lang.Object, java.lang.Object, java.lang.Object)'> (0x0000000712eb8320) 
thrown [./open/src/hotspot/share/interpreter/linkResolver.cpp, line 782]
Event: 0.537 Thread 0x0000022c06c62e00 Exception <a 'java/lang/NoSuchMethodError'{0x0000000712ec3db0}: 'java.lang.Object java.lang.invoke.DirectMethodHandle$Holder.invokeStatic(java.lang.Object, int, java.lang.Object, java.lang.Object, java.lang.Object, java.lang.Object)'> (0x0000000712ec3db0) 
thrown [./open/src/hotspot/share/interpreter/linkResolver.cpp, line 782]
Event: 0.542 Thread 0x0000022c06c62e00 Exception <a 'java/lang/NoSuchMethodError'{0x0000000712eea688}: 'java.lang.Object java.lang.invoke.DirectMethodHandle$Holder.invokeStatic(java.lang.Object, int, java.lang.Object)'> (0x0000000712eea688) 
thrown [./open/src/hotspot/share/interpreter/linkResolver.cpp, line 782]
Event: 0.568 Thread 0x0000022c06c62e00 Exception <a 'java/lang/ClassNotFoundException'{0x0000000712fb1b98}: com/sun/swing/internal/plaf/metal/resources/spi/metalProvider> (0x0000000712fb1b98) 
thrown [./open/src/hotspot/share/classfile/systemDictionary.cpp, line 295]
Event: 0.569 Thread 0x0000022c06c62e00 Exception <a 'java/lang/ClassNotFoundException'{0x0000000712fb88c8}: com/sun/swing/internal/plaf/basic/resources/spi/basicProvider> (0x0000000712fb88c8) 
thrown [./open/src/hotspot/share/classfile/systemDictionary.cpp, line 295]
Event: 0.693 Thread 0x0000022c06c62e00 Implicit null exception at 0x0000022c169a0c2f to 0x0000022c169a0cad
Event: 0.886 Thread 0x0000022c06c62e00 Exception <a 'java/lang/NoSuchMethodError'{0x00000007129e1588}: 'void java.lang.invoke.DirectMethodHandle$Holder.invokeStaticInit(java.lang.Object)'> (0x00000007129e1588) 
thrown [./open/src/hotspot/share/interpreter/linkResolver.cpp, line 782]
Event: 251.764 Thread 0x0000022c2b345da0 Exception <a 'java/lang/NoSuchMethodError'{0x00000007134cd948}: 'java.lang.Object java.lang.invoke.DirectMethodHandle$Holder.invokeSpecial(java.lang.Object, java.lang.Object, long, java.lang.Object, int, int, int, int, java.lang.Object, java.lang.Object, java.lang.Object)'> (0x00000007134cd948) 
thrown [./open/src/hotspot/share/interpreter/linkResolver.cpp, line 782]
Event: 251.768 Thread 0x0000022c2b345da0 Exception <a 'java/lang/NoSuchMethodError'{0x00000007134d25f0}: 'java.lang.Object java.lang.invoke.DelegatingMethodHandle$Holder.reinvoke_L(java.lang.Object, long, java.lang.Object, int, int, int, int, java.lang.Object, java.lang.Object, java.lang.Object)'> (0x00000007134d25f0) 
thrown [./open/src/hotspot/share/interpreter/linkResolver.cpp, line 782]
Event: 251.895 Thread 0x0000022c2b345da0 Exception <a 'java/lang/NoSuchMethodError'{0x0000000713546ca0}: 'java.lang.Object java.lang.invoke.DirectMethodHandle$Holder.invokeSpecial(java.lang.Object, java.lang.Object, long, java.lang.Object, java.lang.Object, java.lang.Object, java.lang.Object, int, java.lang.Object, java.lang.Object, java.lang.Object)'> (0x0000000713546ca0) 
thrown [./open/src/hotspot/share/interpreter/linkResolver.cpp, line 782]
Event: 251.898 Thread 0x0000022c2b345da0 Exception <a 'java/lang/NoSuchMethodError'{0x000000071354bca8}: 'java.lang.Object java.lang.invoke.DelegatingMethodHandle$Holder.reinvoke_L(java.lang.Object, long, java.lang.Object, java.lang.Object, java.lang.Object, java.lang.Object, int, java.lang.Object, java.lang.Object, java.lang.Object)'> (0x000000071354bca8) 
thrown [./open/src/hotspot/share/interpreter/linkResolver.cpp, line 782]

Events (20 events):
Event: 325.144 Executing VM operation: GetCurrentLocation
Event: 325.144 Executing VM operation: GetCurrentLocation done
Event: 325.144 Executing VM operation: ChangeSingleStep
Event: 325.144 Executing VM operation: ChangeSingleStep done
Event: 325.144 Executing VM operation: GetFrameLocation
Event: 325.144 Executing VM operation: GetFrameLocation done
Event: 325.145 Executing VM operation: get/set locals
Event: 325.145 Executing VM operation: get/set locals done
Event: 325.145 Executing VM operation: ChangeSingleStep
Event: 325.146 Executing VM operation: ChangeSingleStep done
Event: 325.147 Executing VM operation: GetFrameCount
Event: 325.147 Executing VM operation: GetFrameCount done
Event: 325.148 Executing VM operation: GetFrameCount
Event: 325.148 Executing VM operation: GetFrameCount done
Event: 325.148 Executing VM operation: GetStackTrace
Event: 325.148 Executing VM operation: GetStackTrace done
Event: 325.149 Executing VM operation: GetFrameCount
Event: 325.150 Executing VM operation: GetFrameCount done
Event: 325.863 Executing VM operation: GetFrameLocation
Event: 325.863 Executing VM operation: GetFrameLocation done


Dynamic libraries:
0x00007ff7fdb70000 - 0x00007ff7fdb7f000 	C:\Program Files\Java\jdk-15.0.2\bin\javaw.exe
0x00007fffff310000 - 0x00007fffff505000 	C:\WINDOWS\SYSTEM32\ntdll.dll
0x00007ffffeed0000 - 0x00007ffffef8d000 	C:\WINDOWS\System32\KERNEL32.DLL
0x00007ffffcbc0000 - 0x00007ffffce88000 	C:\WINDOWS\System32\KERNELBASE.dll
0x00007ffffd270000 - 0x00007ffffd370000 	C:\WINDOWS\System32\ucrtbase.dll
0x00007fffe3950000 - 0x00007fffe3968000 	C:\Program Files\Java\jdk-15.0.2\bin\jli.dll
0x00007ffffecd0000 - 0x00007ffffed7c000 	C:\WINDOWS\System32\ADVAPI32.dll
0x00007ffffee30000 - 0x00007ffffeece000 	C:\WINDOWS\System32\msvcrt.dll
0x00007ffffed80000 - 0x00007ffffee1b000 	C:\WINDOWS\System32\sechost.dll
0x00007fffff1a0000 - 0x00007fffff2cb000 	C:\WINDOWS\System32\RPCRT4.dll
0x00007ffffdf20000 - 0x00007ffffe0c0000 	C:\WINDOWS\System32\USER32.dll
0x00007ffffce90000 - 0x00007ffffceb2000 	C:\WINDOWS\System32\win32u.dll
0x00007ffffef90000 - 0x00007ffffefba000 	C:\WINDOWS\System32\GDI32.dll
0x00007ffffcab0000 - 0x00007ffffcbbb000 	C:\WINDOWS\System32\gdi32full.dll
0x00007ffffcec0000 - 0x00007ffffcf5d000 	C:\WINDOWS\System32\msvcp_win.dll
0x00007fffdf700000 - 0x00007fffdf99a000 	C:\WINDOWS\WinSxS\amd64_microsoft.windows.common-controls_6595b64144ccf1df_6.0.19041.844_none_ca00b6081b84eb1d\COMCTL32.dll
0x00007ffff5b30000 - 0x00007ffff5b3a000 	C:\WINDOWS\SYSTEM32\VERSION.dll
0x00007fffe3870000 - 0x00007fffe3889000 	C:\Program Files\Java\jdk-15.0.2\bin\VCRUNTIME140.dll
0x00007ffffeca0000 - 0x00007ffffecd0000 	C:\WINDOWS\System32\IMM32.DLL
0x00007ffff9e60000 - 0x00007ffff9e6c000 	C:\Program Files\Java\jdk-15.0.2\bin\vcruntime140_1.dll
0x00007fffe0ad0000 - 0x00007fffe0b61000 	C:\Program Files\Java\jdk-15.0.2\bin\msvcp140.dll
0x00007fffcfbd0000 - 0x00007fffd072e000 	C:\Program Files\Java\jdk-15.0.2\bin\server\jvm.dll
0x00007ffffd6d0000 - 0x00007ffffd6d8000 	C:\WINDOWS\System32\PSAPI.DLL
0x00007fffe1f20000 - 0x00007fffe1f47000 	C:\WINDOWS\SYSTEM32\WINMM.dll
0x00007ffff9e70000 - 0x00007ffff9e79000 	C:\WINDOWS\SYSTEM32\WSOCK32.dll
0x00007ffffd880000 - 0x00007ffffd8eb000 	C:\WINDOWS\System32\WS2_32.dll
0x00007ffffb320000 - 0x00007ffffb332000 	C:\WINDOWS\SYSTEM32\kernel.appcore.dll
0x00007ffff72b0000 - 0x00007ffff72ba000 	C:\Program Files\Java\jdk-15.0.2\bin\jimage.dll
0x00007ffffa740000 - 0x00007ffffa924000 	C:\WINDOWS\SYSTEM32\DBGHELP.DLL
0x00007ffff3fd0000 - 0x00007ffff3ffc000 	C:\WINDOWS\SYSTEM32\dbgcore.DLL
0x00007ffffcf90000 - 0x00007ffffd010000 	C:\WINDOWS\System32\bcryptPrimitives.dll
0x00007fffdfeb0000 - 0x00007fffdfee9000 	C:\Program Files\Java\jdk-15.0.2\bin\jdwp.dll
0x00007ffff2750000 - 0x00007ffff275e000 	C:\Program Files\Java\jdk-15.0.2\bin\instrument.dll
0x00007ffff7280000 - 0x00007ffff72a5000 	C:\Program Files\Java\jdk-15.0.2\bin\java.dll
0x00007ffffe0c0000 - 0x00007ffffe802000 	C:\WINDOWS\System32\SHELL32.dll
0x00007ffffab70000 - 0x00007ffffb301000 	C:\WINDOWS\SYSTEM32\windows.storage.dll
0x00007ffffd370000 - 0x00007ffffd6c5000 	C:\WINDOWS\System32\combase.dll
0x00007ffffc3f0000 - 0x00007ffffc41c000 	C:\WINDOWS\SYSTEM32\Wldp.dll
0x00007ffffdaa0000 - 0x00007ffffdb4e000 	C:\WINDOWS\System32\SHCORE.dll
0x00007ffffefc0000 - 0x00007fffff015000 	C:\WINDOWS\System32\shlwapi.dll
0x00007ffffc990000 - 0x00007ffffc9af000 	C:\WINDOWS\SYSTEM32\profapi.dll
0x00007ffff2250000 - 0x00007ffff225b000 	C:\Program Files\Java\jdk-15.0.2\bin\dt_socket.dll
0x00007ffffbe50000 - 0x00007ffffbe8b000 	C:\WINDOWS\SYSTEM32\IPHLPAPI.DLL
0x00007ffffc160000 - 0x00007ffffc1ca000 	C:\WINDOWS\system32\mswsock.dll
0x00007ffffbe90000 - 0x00007ffffbf5c000 	C:\WINDOWS\SYSTEM32\DNSAPI.dll
0x00007fffff100000 - 0x00007fffff108000 	C:\WINDOWS\System32\NSI.dll
0x00007ffff1710000 - 0x00007ffff171a000 	C:\Windows\System32\rasadhlp.dll
0x00007fffec0d0000 - 0x00007fffec14f000 	C:\WINDOWS\System32\fwpuclnt.dll
0x00007ffffcf60000 - 0x00007ffffcf87000 	C:\WINDOWS\System32\bcrypt.dll
0x00007ffff5d60000 - 0x00007ffff5d78000 	C:\Program Files\Java\jdk-15.0.2\bin\zip.dll
0x00007ffff7260000 - 0x00007ffff7279000 	C:\Program Files\Java\jdk-15.0.2\bin\net.dll
0x00007fffec150000 - 0x00007fffec25b000 	C:\WINDOWS\SYSTEM32\WINHTTP.dll
0x00007ffff5df0000 - 0x00007ffff5e02000 	C:\Program Files\Java\jdk-15.0.2\bin\nio.dll
0x00007ffff7250000 - 0x00007ffff7260000 	C:\Program Files\Java\jdk-15.0.2\bin\verify.dll
0x00007fffe3b80000 - 0x00007fffe3d00000 	C:\Program Files\Java\jdk-15.0.2\bin\awt.dll
0x00007ffffdc80000 - 0x00007ffffdd4d000 	C:\WINDOWS\System32\OLEAUT32.dll
0x00007ffff9f60000 - 0x00007ffff9ff0000 	C:\WINDOWS\SYSTEM32\apphelp.dll
0x00007ffffa300000 - 0x00007ffffa32f000 	C:\WINDOWS\system32\DWMAPI.DLL
0x00007ffffa130000 - 0x00007ffffa1ce000 	C:\WINDOWS\system32\uxtheme.dll
0x00007fffcbe80000 - 0x00007fffcbfa6000 	C:\WINDOWS\system32\opengl32.dll
0x00007fffcbe10000 - 0x00007fffcbe3c000 	C:\WINDOWS\SYSTEM32\GLU32.dll
0x00007ffffde00000 - 0x00007ffffdf15000 	C:\WINDOWS\System32\MSCTF.dll
0x00007ffffdb50000 - 0x00007ffffdc7a000 	C:\WINDOWS\System32\ole32.dll
0x00007fffea360000 - 0x00007fffea3e5000 	C:\Program Files\Java\jdk-15.0.2\bin\freetype.dll
0x00007fffe39f0000 - 0x00007fffe3a99000 	C:\Program Files\Java\jdk-15.0.2\bin\fontmanager.dll
0x00007ffffdd50000 - 0x00007ffffddf9000 	C:\WINDOWS\System32\clbcatq.dll
0x00007ffff5eb0000 - 0x00007ffff6064000 	C:\WINDOWS\SYSTEM32\WindowsCodecs.dll
0x00007fffcd470000 - 0x00007fffcd4ae000 	C:\WINDOWS\system32\dataexchange.dll
0x00007ffff9380000 - 0x00007ffff9565000 	C:\WINDOWS\system32\dcomp.dll
0x00007ffff8590000 - 0x00007ffff87f4000 	C:\WINDOWS\system32\d3d11.dll
0x00007ffffb4b0000 - 0x00007ffffb5a3000 	C:\WINDOWS\system32\dxgi.dll
0x00007ffff60d0000 - 0x00007ffff62d1000 	C:\WINDOWS\system32\twinapi.appcore.dll
0x00007ffff14d0000 - 0x00007ffff15c9000 	C:\WINDOWS\SYSTEM32\textinputframework.dll
0x00007ffff9c50000 - 0x00007ffff9d42000 	C:\WINDOWS\System32\CoreMessaging.dll
0x00007ffff98f0000 - 0x00007ffff9c4e000 	C:\WINDOWS\System32\CoreUIComponents.dll
0x00007ffffb790000 - 0x00007ffffb7c3000 	C:\WINDOWS\SYSTEM32\ntmarta.dll
0x00007ffff9220000 - 0x00007ffff9374000 	C:\WINDOWS\SYSTEM32\wintypes.dll

dbghelp: loaded successfully - version: 4.0.5 - missing functions: none
symbol engine: initialized successfully - sym options: 0x614 - pdb path: .;C:\Program Files\Java\jdk-15.0.2\bin;C:\WINDOWS\SYSTEM32;C:\WINDOWS\WinSxS\amd64_microsoft.windows.common-controls_6595b64144ccf1df_6.0.19041.844_none_ca00b6081b84eb1d;C:\Program Files\Java\jdk-15.0.2\bin\server

VM Arguments:
jvm_args: -XX:+ShowCodeDetailsInExceptionMessages -agentlib:jdwp=transport=dt_socket,suspend=y,address=localhost:50127 -javaagent:C:\Users\Msys\eclipse\java-2020-122\eclipse\configuration\org.eclipse.osgi\220\0\.cp\lib\javaagent-shaded.jar -Dfile.encoding=Cp1252 
java_command: project2.mainFrame
java_class_path (initial): C:\Users\Msys\eclipse-workspace\project2\bin
Launcher Type: SUN_STANDARD

[Global flags]
     intx CICompilerCount                          = 4                                         {product} {ergonomic}
     uint ConcGCThreads                            = 2                                         {product} {ergonomic}
     uint G1ConcRefinementThreads                  = 8                                         {product} {ergonomic}
   size_t G1HeapRegionSize                         = 2097152                                   {product} {ergonomic}
    uintx GCDrainStackTargetSize                   = 64                                        {product} {ergonomic}
   size_t InitialHeapSize                          = 266338304                                 {product} {ergonomic}
   size_t MarkStackSize                            = 4194304                                   {product} {ergonomic}
   size_t MaxHeapSize                              = 4234149888                                {product} {ergonomic}
   size_t MaxNewSize                               = 2539651072                                {product} {ergonomic}
   size_t MinHeapDeltaBytes                        = 2097152                                   {product} {ergonomic}
   size_t MinHeapSize                              = 8388608                                   {product} {ergonomic}
    uintx NonNMethodCodeHeapSize                   = 5839372                                {pd product} {ergonomic}
    uintx NonProfiledCodeHeapSize                  = 122909434                              {pd product} {ergonomic}
    uintx ProfiledCodeHeapSize                     = 122909434                              {pd product} {ergonomic}
    uintx ReservedCodeCacheSize                    = 251658240                              {pd product} {ergonomic}
     bool SegmentedCodeCache                       = true                                      {product} {ergonomic}
     bool ShowCodeDetailsInExceptionMessages       = true                                   {manageable} {command line}
   size_t SoftMaxHeapSize                          = 4234149888                             {manageable} {ergonomic}
     bool UseCompressedClassPointers               = true                                 {lp64_product} {ergonomic}
     bool UseCompressedOops                        = true                                 {lp64_product} {ergonomic}
     bool UseG1GC                                  = true                                      {product} {ergonomic}
     bool UseLargePagesIndividualAllocation        = false                                  {pd product} {ergonomic}

Logging:
Log output configuration:
 #0: stdout all=warning uptime,level,tags
 #1: stderr all=off uptime,level,tags

Environment Variables:
PATH=C:/Program Files/Java/jdk-15.0.2/bin/server;C:/Program Files/Java/jdk-15.0.2/bin;C:\Program Files\Common Files\Oracle\Java\javapath;C:\WINDOWS\system32;C:\WINDOWS;C:\WINDOWS\System32\Wbem;C:\WINDOWS\System32\WindowsPowerShell\v1.0\;C:\WINDOWS\System32\OpenSSH\;C:\Users\Msys\AppData\Local\Microsoft\WindowsApps;;C:\Users\Msys\AppData\Local\Programs\Microsoft VS Code\bin;C:\WINDOWS\system32;
USERNAME=Msys
OS=Windows_NT
PROCESSOR_IDENTIFIER=Intel64 Family 6 Model 126 Stepping 5, GenuineIntel



---------------  S Y S T E M  ---------------

OS:
 Windows 10 , 64 bit Build 19041 (10.0.19041.928)
OS uptime: 0 days 4:03 hours

CPU: total 8 (initial active 8) (4 cores per cpu, 2 threads per core) family 6 model 126 stepping 5 microcode 0xa0, cmov, cx8, fxsr, mmx, sse, sse2, sse3, ssse3, sse4.1, sse4.2, popcnt, vzeroupper, avx, avx2, aes, clmul, erms, 3dnowpref, lzcnt, ht, tsc, tscinvbit, bmi1, bmi2, adx, avx512f, avx512dq, avx512cd, avx512bw, avx512vl, avx512_vpopcntdq, avx512_vpclmulqdq, avx512_vbmi, avx512_vbmi2, avx512_vaes, avx512_vnni, sha, fma, clflush, clflushopt

Memory: 4k page, system-wide physical 16151M (11077M free)
TotalPageFile size 18583M (AvailPageFile size 12644M)
current process WorkingSet (physical memory assigned to process): 108M, peak: 108M
current process commit charge ("private bytes"): 374M, peak: 380M

vm_info: Java HotSpot(TM) 64-Bit Server VM (15.0.2+7-27) for windows-amd64 JRE (15.0.2+7-27), built on Dec  7 2020 20:07:01 by "mach5one" with unknown MS VC++:1925

END.
